info: Microsoft.Hosting.Lifetime[14]
      Now listening on: http://localhost:5099
info: Microsoft.Hosting.Lifetime[0]
      Application started. Press Ctrl+C to shut down.
info: Microsoft.Hosting.Lifetime[0]
      Hosting environment: Development
info: Microsoft.Hosting.Lifetime[0]
      Content root path: C:\Quick Soft 10-06-2026\QuickNetCore
info: Microsoft.EntityFrameworkCore.Database.Command[20101]
      Executed DbCommand (6ms) [Parameters=[@normalizedEmail='?' (Size = 256)], CommandType='Text', CommandTimeout='30']
      SELECT TOP(2) [a].[Id], [a].[AccessFailedCount], [a].[BranchAccess], [a].[BranchID], [a].[ConcurrencyStamp], [a].[Discount], [a].[Email], [a].[EmailConfirmed], [a].[LockoutEnabled], [a].[LockoutEnd], [a].[Name], [a].[NormalizedEmail], [a].[NormalizedUserName], [a].[PasswordHash], [a].[PhoneNumber], [a].[PhoneNumberConfirmed], [a].[SecurityStamp], [a].[Status], [a].[TwoFactorEnabled], [a].[UserName], [a].[sync_status]
      FROM [AspNetUsers] AS [a]
      WHERE [a].[NormalizedEmail] = @normalizedEmail
info: Microsoft.EntityFrameworkCore.Database.Command[20101]
      Executed DbCommand (1ms) [Parameters=[@normalizedUserName='?' (Size = 256)], CommandType='Text', CommandTimeout='30']
      SELECT TOP(1) [a].[Id], [a].[AccessFailedCount], [a].[BranchAccess], [a].[BranchID], [a].[ConcurrencyStamp], [a].[Discount], [a].[Email], [a].[EmailConfirmed], [a].[LockoutEnabled], [a].[LockoutEnd], [a].[Name], [a].[NormalizedEmail], [a].[NormalizedUserName], [a].[PasswordHash], [a].[PhoneNumber], [a].[PhoneNumberConfirmed], [a].[SecurityStamp], [a].[Status], [a].[TwoFactorEnabled], [a].[UserName], [a].[sync_status]
      FROM [AspNetUsers] AS [a]
      WHERE [a].[NormalizedUserName] = @normalizedUserName
info: Microsoft.EntityFrameworkCore.Database.Command[20101]
      Executed DbCommand (0ms) [Parameters=[@normalizedUserName='?' (Size = 256)], CommandType='Text', CommandTimeout='30']
      SELECT TOP(1) [a].[Id], [a].[AccessFailedCount], [a].[BranchAccess], [a].[BranchID], [a].[ConcurrencyStamp], [a].[Discount], [a].[Email], [a].[EmailConfirmed], [a].[LockoutEnabled], [a].[LockoutEnd], [a].[Name], [a].[NormalizedEmail], [a].[NormalizedUserName], [a].[PasswordHash], [a].[PhoneNumber], [a].[PhoneNumberConfirmed], [a].[SecurityStamp], [a].[Status], [a].[TwoFactorEnabled], [a].[UserName], [a].[sync_status]
      FROM [AspNetUsers] AS [a]
      WHERE [a].[NormalizedUserName] = @normalizedUserName
info: Microsoft.EntityFrameworkCore.Database.Command[20101]
      Executed DbCommand (0ms) [Parameters=[@user_Id='?' (Size = 450)], CommandType='Text', CommandTimeout='30']
      SELECT [a].[Id], [a].[ClaimType], [a].[ClaimValue], [a].[UserId]
      FROM [AspNetUserClaims] AS [a]
      WHERE [a].[UserId] = @user_Id
info: Microsoft.EntityFrameworkCore.Database.Command[20101]
      Executed DbCommand (0ms) [Parameters=[@userId='?' (Size = 450)], CommandType='Text', CommandTimeout='30']
      SELECT [a0].[Name]
      FROM [AspNetUserRoles] AS [a]
      INNER JOIN [AppModules] AS [a0] ON [a].[RoleId] = [a0].[Id]
      WHERE [a].[UserId] = @userId
info: Microsoft.EntityFrameworkCore.Database.Command[20101]
      Executed DbCommand (0ms) [Parameters=[@normalizedName='?' (Size = 256)], CommandType='Text', CommandTimeout='30']
      SELECT TOP(1) [a].[Id], [a].[ConcurrencyStamp], [a].[Discriminator], [a].[Name], [a].[NormalizedName], [a].[Description], [a].[Editable], [a].[Employee], [a].[IsParent], [a].[Link], [a].[MenuOrder], [a].[ModulesID], [a].[Parent], [a].[Status], [a].[addMenu], [a].[iconClass], [a].[viewName]
      FROM [AppModules] AS [a]
      WHERE [a].[NormalizedName] = @normalizedName
info: Microsoft.EntityFrameworkCore.Database.Command[20101]
      Executed DbCommand (0ms) [Parameters=[@role_Id='?' (Size = 450)], CommandType='Text', CommandTimeout='30']
      SELECT [a].[ClaimType], [a].[ClaimValue]
      FROM [AspNetRoleClaims] AS [a]
      WHERE [a].[RoleId] = @role_Id
info: Microsoft.EntityFrameworkCore.Database.Command[20101]
      Executed DbCommand (0ms) [Parameters=[@normalizedName='?' (Size = 256)], CommandType='Text', CommandTimeout='30']
      SELECT TOP(1) [a].[Id], [a].[ConcurrencyStamp], [a].[Discriminator], [a].[Name], [a].[NormalizedName], [a].[Description], [a].[Editable], [a].[Employee], [a].[IsParent], [a].[Link], [a].[MenuOrder], [a].[ModulesID], [a].[Parent], [a].[Status], [a].[addMenu], [a].[iconClass], [a].[viewName]
      FROM [AppModules] AS [a]
      WHERE [a].[NormalizedName] = @normalizedName
info: Microsoft.EntityFrameworkCore.Database.Command[20101]
      Executed DbCommand (0ms) [Parameters=[@role_Id='?' (Size = 450)], CommandType='Text', CommandTimeout='30']
      SELECT [a].[ClaimType], [a].[ClaimValue]
      FROM [AspNetRoleClaims] AS [a]
      WHERE [a].[RoleId] = @role_Id
info: Microsoft.EntityFrameworkCore.Database.Command[20101]
      Executed DbCommand (0ms) [Parameters=[@normalizedName='?' (Size = 256)], CommandType='Text', CommandTimeout='30']
      SELECT TOP(1) [a].[Id], [a].[ConcurrencyStamp], [a].[Discriminator], [a].[Name], [a].[NormalizedName], [a].[Description], [a].[Editable], [a].[Employee], [a].[IsParent], [a].[Link], [a].[MenuOrder], [a].[ModulesID], [a].[Parent], [a].[Status], [a].[addMenu], [a].[iconClass], [a].[viewName]
      FROM [AppModules] AS [a]
      WHERE [a].[NormalizedName] = @normalizedName
info: Microsoft.EntityFrameworkCore.Database.Command[20101]
      Executed DbCommand (0ms) [Parameters=[@role_Id='?' (Size = 450)], CommandType='Text', CommandTimeout='30']
      SELECT [a].[ClaimType], [a].[ClaimValue]
      FROM [AspNetRoleClaims] AS [a]
      WHERE [a].[RoleId] = @role_Id
info: Microsoft.EntityFrameworkCore.Database.Command[20101]
      Executed DbCommand (0ms) [Parameters=[@normalizedName='?' (Size = 256)], CommandType='Text', CommandTimeout='30']
      SELECT TOP(1) [a].[Id], [a].[ConcurrencyStamp], [a].[Discriminator], [a].[Name], [a].[NormalizedName], [a].[Description], [a].[Editable], [a].[Employee], [a].[IsParent], [a].[Link], [a].[MenuOrder], [a].[ModulesID], [a].[Parent], [a].[Status], [a].[addMenu], [a].[iconClass], [a].[viewName]
      FROM [AppModules] AS [a]
      WHERE [a].[NormalizedName] = @normalizedName
info: Microsoft.EntityFrameworkCore.Database.Command[20101]
      Executed DbCommand (0ms) [Parameters=[@role_Id='?' (Size = 450)], CommandType='Text', CommandTimeout='30']
      SELECT [a].[ClaimType], [a].[ClaimValue]
      FROM [AspNetRoleClaims] AS [a]
      WHERE [a].[RoleId] = @role_Id
info: Microsoft.EntityFrameworkCore.Database.Command[20101]
      Executed DbCommand (0ms) [Parameters=[@normalizedName='?' (Size = 256)], CommandType='Text', CommandTimeout='30']
      SELECT TOP(1) [a].[Id], [a].[ConcurrencyStamp], [a].[Discriminator], [a].[Name], [a].[NormalizedName], [a].[Description], [a].[Editable], [a].[Employee], [a].[IsParent], [a].[Link], [a].[MenuOrder], [a].[ModulesID], [a].[Parent], [a].[Status], [a].[addMenu], [a].[iconClass], [a].[viewName]
      FROM [AppModules] AS [a]
      WHERE [a].[NormalizedName] = @normalizedName
info: Microsoft.EntityFrameworkCore.Database.Command[20101]
      Executed DbCommand (0ms) [Parameters=[@role_Id='?' (Size = 450)], CommandType='Text', CommandTimeout='30']
      SELECT [a].[ClaimType], [a].[ClaimValue]
      FROM [AspNetRoleClaims] AS [a]
      WHERE [a].[RoleId] = @role_Id
info: Microsoft.EntityFrameworkCore.Database.Command[20101]
      Executed DbCommand (0ms) [Parameters=[@normalizedName='?' (Size = 256)], CommandType='Text', CommandTimeout='30']
      SELECT TOP(1) [a].[Id], [a].[ConcurrencyStamp], [a].[Discriminator], [a].[Name], [a].[NormalizedName], [a].[Description], [a].[Editable], [a].[Employee], [a].[IsParent], [a].[Link], [a].[MenuOrder], [a].[ModulesID], [a].[Parent], [a].[Status], [a].[addMenu], [a].[iconClass], [a].[viewName]
      FROM [AppModules] AS [a]
      WHERE [a].[NormalizedName] = @normalizedName
info: Microsoft.EntityFrameworkCore.Database.Command[20101]
      Executed DbCommand (0ms) [Parameters=[@role_Id='?' (Size = 450)], CommandType='Text', CommandTimeout='30']
      SELECT [a].[ClaimType], [a].[ClaimValue]
      FROM [AspNetRoleClaims] AS [a]
      WHERE [a].[RoleId] = @role_Id
info: Microsoft.EntityFrameworkCore.Database.Command[20101]
      Executed DbCommand (0ms) [Parameters=[@normalizedName='?' (Size = 256)], CommandType='Text', CommandTimeout='30']
      SELECT TOP(1) [a].[Id], [a].[ConcurrencyStamp], [a].[Discriminator], [a].[Name], [a].[NormalizedName], [a].[Description], [a].[Editable], [a].[Employee], [a].[IsParent], [a].[Link], [a].[MenuOrder], [a].[ModulesID], [a].[Parent], [a].[Status], [a].[addMenu], [a].[iconClass], [a].[viewName]
      FROM [AppModules] AS [a]
      WHERE [a].[NormalizedName] = @normalizedName
info: Microsoft.EntityFrameworkCore.Database.Command[20101]
      Executed DbCommand (0ms) [Parameters=[@role_Id='?' (Size = 450)], CommandType='Text', CommandTimeout='30']
      SELECT [a].[ClaimType], [a].[ClaimValue]
      FROM [AspNetRoleClaims] AS [a]
      WHERE [a].[RoleId] = @role_Id
info: Microsoft.EntityFrameworkCore.Database.Command[20101]
      Executed DbCommand (0ms) [Parameters=[@normalizedName='?' (Size = 256)], CommandType='Text', CommandTimeout='30']
      SELECT TOP(1) [a].[Id], [a].[ConcurrencyStamp], [a].[Discriminator], [a].[Name], [a].[NormalizedName], [a].[Description], [a].[Editable], [a].[Employee], [a].[IsParent], [a].[Link], [a].[MenuOrder], [a].[ModulesID], [a].[Parent], [a].[Status], [a].[addMenu], [a].[iconClass], [a].[viewName]
      FROM [AppModules] AS [a]
      WHERE [a].[NormalizedName] = @normalizedName
info: Microsoft.EntityFrameworkCore.Database.Command[20101]
      Executed DbCommand (0ms) [Parameters=[@role_Id='?' (Size = 450)], CommandType='Text', CommandTimeout='30']
      SELECT [a].[ClaimType], [a].[ClaimValue]
      FROM [AspNetRoleClaims] AS [a]
      WHERE [a].[RoleId] = @role_Id
info: Microsoft.EntityFrameworkCore.Database.Command[20101]
      Executed DbCommand (0ms) [Parameters=[@normalizedName='?' (Size = 256)], CommandType='Text', CommandTimeout='30']
      SELECT TOP(1) [a].[Id], [a].[ConcurrencyStamp], [a].[Discriminator], [a].[Name], [a].[NormalizedName], [a].[Description], [a].[Editable], [a].[Employee], [a].[IsParent], [a].[Link], [a].[MenuOrder], [a].[ModulesID], [a].[Parent], [a].[Status], [a].[addMenu], [a].[iconClass], [a].[viewName]
      FROM [AppModules] AS [a]
      WHERE [a].[NormalizedName] = @normalizedName
info: Microsoft.EntityFrameworkCore.Database.Command[20101]
      Executed DbCommand (0ms) [Parameters=[@role_Id='?' (Size = 450)], CommandType='Text', CommandTimeout='30']
      SELECT [a].[ClaimType], [a].[ClaimValue]
      FROM [AspNetRoleClaims] AS [a]
      WHERE [a].[RoleId] = @role_Id
info: Microsoft.EntityFrameworkCore.Database.Command[20101]
      Executed DbCommand (1ms) [Parameters=[@normalizedName='?' (Size = 256)], CommandType='Text', CommandTimeout='30']
      SELECT TOP(1) [a].[Id], [a].[ConcurrencyStamp], [a].[Discriminator], [a].[Name], [a].[NormalizedName], [a].[Description], [a].[Editable], [a].[Employee], [a].[IsParent], [a].[Link], [a].[MenuOrder], [a].[ModulesID], [a].[Parent], [a].[Status], [a].[addMenu], [a].[iconClass], [a].[viewName]
      FROM [AppModules] AS [a]
      WHERE [a].[NormalizedName] = @normalizedName
info: Microsoft.EntityFrameworkCore.Database.Command[20101]
      Executed DbCommand (0ms) [Parameters=[@role_Id='?' (Size = 450)], CommandType='Text', CommandTimeout='30']
      SELECT [a].[ClaimType], [a].[ClaimValue]
      FROM [AspNetRoleClaims] AS [a]
      WHERE [a].[RoleId] = @role_Id
info: Microsoft.EntityFrameworkCore.Database.Command[20101]
      Executed DbCommand (0ms) [Parameters=[@normalizedName='?' (Size = 256)], CommandType='Text', CommandTimeout='30']
      SELECT TOP(1) [a].[Id], [a].[ConcurrencyStamp], [a].[Discriminator], [a].[Name], [a].[NormalizedName], [a].[Description], [a].[Editable], [a].[Employee], [a].[IsParent], [a].[Link], [a].[MenuOrder], [a].[ModulesID], [a].[Parent], [a].[Status], [a].[addMenu], [a].[iconClass], [a].[viewName]
      FROM [AppModules] AS [a]
      WHERE [a].[NormalizedName] = @normalizedName
info: Microsoft.EntityFrameworkCore.Database.Command[20101]
      Executed DbCommand (0ms) [Parameters=[@role_Id='?' (Size = 450)], CommandType='Text', CommandTimeout='30']
      SELECT [a].[ClaimType], [a].[ClaimValue]
      FROM [AspNetRoleClaims] AS [a]
      WHERE [a].[RoleId] = @role_Id
info: Microsoft.EntityFrameworkCore.Database.Command[20101]
      Executed DbCommand (0ms) [Parameters=[@normalizedName='?' (Size = 256)], CommandType='Text', CommandTimeout='30']
      SELECT TOP(1) [a].[Id], [a].[ConcurrencyStamp], [a].[Discriminator], [a].[Name], [a].[NormalizedName], [a].[Description], [a].[Editable], [a].[Employee], [a].[IsParent], [a].[Link], [a].[MenuOrder], [a].[ModulesID], [a].[Parent], [a].[Status], [a].[addMenu], [a].[iconClass], [a].[viewName]
      FROM [AppModules] AS [a]
      WHERE [a].[NormalizedName] = @normalizedName
info: Microsoft.EntityFrameworkCore.Database.Command[20101]
      Executed DbCommand (0ms) [Parameters=[@role_Id='?' (Size = 450)], CommandType='Text', CommandTimeout='30']
      SELECT [a].[ClaimType], [a].[ClaimValue]
      FROM [AspNetRoleClaims] AS [a]
      WHERE [a].[RoleId] = @role_Id
info: Microsoft.EntityFrameworkCore.Database.Command[20101]
      Executed DbCommand (0ms) [Parameters=[@normalizedName='?' (Size = 256)], CommandType='Text', CommandTimeout='30']
      SELECT TOP(1) [a].[Id], [a].[ConcurrencyStamp], [a].[Discriminator], [a].[Name], [a].[NormalizedName], [a].[Description], [a].[Editable], [a].[Employee], [a].[IsParent], [a].[Link], [a].[MenuOrder], [a].[ModulesID], [a].[Parent], [a].[Status], [a].[addMenu], [a].[iconClass], [a].[viewName]
      FROM [AppModules] AS [a]
      WHERE [a].[NormalizedName] = @normalizedName
info: Microsoft.EntityFrameworkCore.Database.Command[20101]
      Executed DbCommand (0ms) [Parameters=[@role_Id='?' (Size = 450)], CommandType='Text', CommandTimeout='30']
      SELECT [a].[ClaimType], [a].[ClaimValue]
      FROM [AspNetRoleClaims] AS [a]
      WHERE [a].[RoleId] = @role_Id
info: Microsoft.EntityFrameworkCore.Database.Command[20101]
      Executed DbCommand (0ms) [Parameters=[@normalizedName='?' (Size = 256)], CommandType='Text', CommandTimeout='30']
      SELECT TOP(1) [a].[Id], [a].[ConcurrencyStamp], [a].[Discriminator], [a].[Name], [a].[NormalizedName], [a].[Description], [a].[Editable], [a].[Employee], [a].[IsParent], [a].[Link], [a].[MenuOrder], [a].[ModulesID], [a].[Parent], [a].[Status], [a].[addMenu], [a].[iconClass], [a].[viewName]
      FROM [AppModules] AS [a]
      WHERE [a].[NormalizedName] = @normalizedName
info: Microsoft.EntityFrameworkCore.Database.Command[20101]
      Executed DbCommand (0ms) [Parameters=[@role_Id='?' (Size = 450)], CommandType='Text', CommandTimeout='30']
      SELECT [a].[ClaimType], [a].[ClaimValue]
      FROM [AspNetRoleClaims] AS [a]
      WHERE [a].[RoleId] = @role_Id
info: Microsoft.EntityFrameworkCore.Database.Command[20101]
      Executed DbCommand (1ms) [Parameters=[@normalizedEmail='?' (Size = 256)], CommandType='Text', CommandTimeout='30']
      SELECT TOP(2) [a].[Id], [a].[AccessFailedCount], [a].[BranchAccess], [a].[BranchID], [a].[ConcurrencyStamp], [a].[Discount], [a].[Email], [a].[EmailConfirmed], [a].[LockoutEnabled], [a].[LockoutEnd], [a].[Name], [a].[NormalizedEmail], [a].[NormalizedUserName], [a].[PasswordHash], [a].[PhoneNumber], [a].[PhoneNumberConfirmed], [a].[SecurityStamp], [a].[Status], [a].[TwoFactorEnabled], [a].[UserName], [a].[sync_status]
      FROM [AspNetUsers] AS [a]
      WHERE [a].[NormalizedEmail] = @normalizedEmail
info: Microsoft.EntityFrameworkCore.Database.Command[20101]
      Executed DbCommand (0ms) [Parameters=[@normalizedUserName='?' (Size = 256)], CommandType='Text', CommandTimeout='30']
      SELECT TOP(1) [a].[Id], [a].[AccessFailedCount], [a].[BranchAccess], [a].[BranchID], [a].[ConcurrencyStamp], [a].[Discount], [a].[Email], [a].[EmailConfirmed], [a].[LockoutEnabled], [a].[LockoutEnd], [a].[Name], [a].[NormalizedEmail], [a].[NormalizedUserName], [a].[PasswordHash], [a].[PhoneNumber], [a].[PhoneNumberConfirmed], [a].[SecurityStamp], [a].[Status], [a].[TwoFactorEnabled], [a].[UserName], [a].[sync_status]
      FROM [AspNetUsers] AS [a]
      WHERE [a].[NormalizedUserName] = @normalizedUserName
info: Microsoft.EntityFrameworkCore.Database.Command[20101]
      Executed DbCommand (0ms) [Parameters=[@normalizedUserName='?' (Size = 256)], CommandType='Text', CommandTimeout='30']
      SELECT TOP(1) [a].[Id], [a].[AccessFailedCount], [a].[BranchAccess], [a].[BranchID], [a].[ConcurrencyStamp], [a].[Discount], [a].[Email], [a].[EmailConfirmed], [a].[LockoutEnabled], [a].[LockoutEnd], [a].[Name], [a].[NormalizedEmail], [a].[NormalizedUserName], [a].[PasswordHash], [a].[PhoneNumber], [a].[PhoneNumberConfirmed], [a].[SecurityStamp], [a].[Status], [a].[TwoFactorEnabled], [a].[UserName], [a].[sync_status]
      FROM [AspNetUsers] AS [a]
      WHERE [a].[NormalizedUserName] = @normalizedUserName
info: Microsoft.EntityFrameworkCore.Database.Command[20101]
      Executed DbCommand (0ms) [Parameters=[@user_Id='?' (Size = 450)], CommandType='Text', CommandTimeout='30']
      SELECT [a].[Id], [a].[ClaimType], [a].[ClaimValue], [a].[UserId]
      FROM [AspNetUserClaims] AS [a]
      WHERE [a].[UserId] = @user_Id
info: Microsoft.EntityFrameworkCore.Database.Command[20101]
      Executed DbCommand (0ms) [Parameters=[@userId='?' (Size = 450)], CommandType='Text', CommandTimeout='30']
      SELECT [a0].[Name]
      FROM [AspNetUserRoles] AS [a]
      INNER JOIN [AppModules] AS [a0] ON [a].[RoleId] = [a0].[Id]
      WHERE [a].[UserId] = @userId
info: Microsoft.EntityFrameworkCore.Database.Command[20101]
      Executed DbCommand (0ms) [Parameters=[@normalizedName='?' (Size = 256)], CommandType='Text', CommandTimeout='30']
      SELECT TOP(1) [a].[Id], [a].[ConcurrencyStamp], [a].[Discriminator], [a].[Name], [a].[NormalizedName], [a].[Description], [a].[Editable], [a].[Employee], [a].[IsParent], [a].[Link], [a].[MenuOrder], [a].[ModulesID], [a].[Parent], [a].[Status], [a].[addMenu], [a].[iconClass], [a].[viewName]
      FROM [AppModules] AS [a]
      WHERE [a].[NormalizedName] = @normalizedName
info: Microsoft.EntityFrameworkCore.Database.Command[20101]
      Executed DbCommand (0ms) [Parameters=[@role_Id='?' (Size = 450)], CommandType='Text', CommandTimeout='30']
      SELECT [a].[ClaimType], [a].[ClaimValue]
      FROM [AspNetRoleClaims] AS [a]
      WHERE [a].[RoleId] = @role_Id
info: Microsoft.EntityFrameworkCore.Database.Command[20101]
      Executed DbCommand (1ms) [Parameters=[@normalizedName='?' (Size = 256)], CommandType='Text', CommandTimeout='30']
      SELECT TOP(1) [a].[Id], [a].[ConcurrencyStamp], [a].[Discriminator], [a].[Name], [a].[NormalizedName], [a].[Description], [a].[Editable], [a].[Employee], [a].[IsParent], [a].[Link], [a].[MenuOrder], [a].[ModulesID], [a].[Parent], [a].[Status], [a].[addMenu], [a].[iconClass], [a].[viewName]
      FROM [AppModules] AS [a]
      WHERE [a].[NormalizedName] = @normalizedName
info: Microsoft.EntityFrameworkCore.Database.Command[20101]
      Executed DbCommand (0ms) [Parameters=[@role_Id='?' (Size = 450)], CommandType='Text', CommandTimeout='30']
      SELECT [a].[ClaimType], [a].[ClaimValue]
      FROM [AspNetRoleClaims] AS [a]
      WHERE [a].[RoleId] = @role_Id
info: Microsoft.EntityFrameworkCore.Database.Command[20101]
      Executed DbCommand (0ms) [Parameters=[@normalizedName='?' (Size = 256)], CommandType='Text', CommandTimeout='30']
      SELECT TOP(1) [a].[Id], [a].[ConcurrencyStamp], [a].[Discriminator], [a].[Name], [a].[NormalizedName], [a].[Description], [a].[Editable], [a].[Employee], [a].[IsParent], [a].[Link], [a].[MenuOrder], [a].[ModulesID], [a].[Parent], [a].[Status], [a].[addMenu], [a].[iconClass], [a].[viewName]
      FROM [AppModules] AS [a]
      WHERE [a].[NormalizedName] = @normalizedName
info: Microsoft.EntityFrameworkCore.Database.Command[20101]
      Executed DbCommand (0ms) [Parameters=[@role_Id='?' (Size = 450)], CommandType='Text', CommandTimeout='30']
      SELECT [a].[ClaimType], [a].[ClaimValue]
      FROM [AspNetRoleClaims] AS [a]
      WHERE [a].[RoleId] = @role_Id
info: Microsoft.EntityFrameworkCore.Database.Command[20101]
      Executed DbCommand (0ms) [Parameters=[@normalizedName='?' (Size = 256)], CommandType='Text', CommandTimeout='30']
      SELECT TOP(1) [a].[Id], [a].[ConcurrencyStamp], [a].[Discriminator], [a].[Name], [a].[NormalizedName], [a].[Description], [a].[Editable], [a].[Employee], [a].[IsParent], [a].[Link], [a].[MenuOrder], [a].[ModulesID], [a].[Parent], [a].[Status], [a].[addMenu], [a].[iconClass], [a].[viewName]
      FROM [AppModules] AS [a]
      WHERE [a].[NormalizedName] = @normalizedName
info: Microsoft.EntityFrameworkCore.Database.Command[20101]
      Executed DbCommand (0ms) [Parameters=[@role_Id='?' (Size = 450)], CommandType='Text', CommandTimeout='30']
      SELECT [a].[ClaimType], [a].[ClaimValue]
      FROM [AspNetRoleClaims] AS [a]
      WHERE [a].[RoleId] = @role_Id
info: Microsoft.EntityFrameworkCore.Database.Command[20101]
      Executed DbCommand (0ms) [Parameters=[@normalizedName='?' (Size = 256)], CommandType='Text', CommandTimeout='30']
      SELECT TOP(1) [a].[Id], [a].[ConcurrencyStamp], [a].[Discriminator], [a].[Name], [a].[NormalizedName], [a].[Description], [a].[Editable], [a].[Employee], [a].[IsParent], [a].[Link], [a].[MenuOrder], [a].[ModulesID], [a].[Parent], [a].[Status], [a].[addMenu], [a].[iconClass], [a].[viewName]
      FROM [AppModules] AS [a]
      WHERE [a].[NormalizedName] = @normalizedName
info: Microsoft.EntityFrameworkCore.Database.Command[20101]
      Executed DbCommand (0ms) [Parameters=[@role_Id='?' (Size = 450)], CommandType='Text', CommandTimeout='30']
      SELECT [a].[ClaimType], [a].[ClaimValue]
      FROM [AspNetRoleClaims] AS [a]
      WHERE [a].[RoleId] = @role_Id
info: Microsoft.EntityFrameworkCore.Database.Command[20101]
      Executed DbCommand (0ms) [Parameters=[@normalizedName='?' (Size = 256)], CommandType='Text', CommandTimeout='30']
      SELECT TOP(1) [a].[Id], [a].[ConcurrencyStamp], [a].[Discriminator], [a].[Name], [a].[NormalizedName], [a].[Description], [a].[Editable], [a].[Employee], [a].[IsParent], [a].[Link], [a].[MenuOrder], [a].[ModulesID], [a].[Parent], [a].[Status], [a].[addMenu], [a].[iconClass], [a].[viewName]
      FROM [AppModules] AS [a]
      WHERE [a].[NormalizedName] = @normalizedName
info: Microsoft.EntityFrameworkCore.Database.Command[20101]
      Executed DbCommand (0ms) [Parameters=[@role_Id='?' (Size = 450)], CommandType='Text', CommandTimeout='30']
      SELECT [a].[ClaimType], [a].[ClaimValue]
      FROM [AspNetRoleClaims] AS [a]
      WHERE [a].[RoleId] = @role_Id
info: Microsoft.EntityFrameworkCore.Database.Command[20101]
      Executed DbCommand (0ms) [Parameters=[@normalizedName='?' (Size = 256)], CommandType='Text', CommandTimeout='30']
      SELECT TOP(1) [a].[Id], [a].[ConcurrencyStamp], [a].[Discriminator], [a].[Name], [a].[NormalizedName], [a].[Description], [a].[Editable], [a].[Employee], [a].[IsParent], [a].[Link], [a].[MenuOrder], [a].[ModulesID], [a].[Parent], [a].[Status], [a].[addMenu], [a].[iconClass], [a].[viewName]
      FROM [AppModules] AS [a]
      WHERE [a].[NormalizedName] = @normalizedName
info: Microsoft.EntityFrameworkCore.Database.Command[20101]
      Executed DbCommand (0ms) [Parameters=[@role_Id='?' (Size = 450)], CommandType='Text', CommandTimeout='30']
      SELECT [a].[ClaimType], [a].[ClaimValue]
      FROM [AspNetRoleClaims] AS [a]
      WHERE [a].[RoleId] = @role_Id
info: Microsoft.EntityFrameworkCore.Database.Command[20101]
      Executed DbCommand (0ms) [Parameters=[@normalizedName='?' (Size = 256)], CommandType='Text', CommandTimeout='30']
      SELECT TOP(1) [a].[Id], [a].[ConcurrencyStamp], [a].[Discriminator], [a].[Name], [a].[NormalizedName], [a].[Description], [a].[Editable], [a].[Employee], [a].[IsParent], [a].[Link], [a].[MenuOrder], [a].[ModulesID], [a].[Parent], [a].[Status], [a].[addMenu], [a].[iconClass], [a].[viewName]
      FROM [AppModules] AS [a]
      WHERE [a].[NormalizedName] = @normalizedName
info: Microsoft.EntityFrameworkCore.Database.Command[20101]
      Executed DbCommand (0ms) [Parameters=[@role_Id='?' (Size = 450)], CommandType='Text', CommandTimeout='30']
      SELECT [a].[ClaimType], [a].[ClaimValue]
      FROM [AspNetRoleClaims] AS [a]
      WHERE [a].[RoleId] = @role_Id
info: Microsoft.EntityFrameworkCore.Database.Command[20101]
      Executed DbCommand (0ms) [Parameters=[@normalizedName='?' (Size = 256)], CommandType='Text', CommandTimeout='30']
      SELECT TOP(1) [a].[Id], [a].[ConcurrencyStamp], [a].[Discriminator], [a].[Name], [a].[NormalizedName], [a].[Description], [a].[Editable], [a].[Employee], [a].[IsParent], [a].[Link], [a].[MenuOrder], [a].[ModulesID], [a].[Parent], [a].[Status], [a].[addMenu], [a].[iconClass], [a].[viewName]
      FROM [AppModules] AS [a]
      WHERE [a].[NormalizedName] = @normalizedName
info: Microsoft.EntityFrameworkCore.Database.Command[20101]
      Executed DbCommand (0ms) [Parameters=[@role_Id='?' (Size = 450)], CommandType='Text', CommandTimeout='30']
      SELECT [a].[ClaimType], [a].[ClaimValue]
      FROM [AspNetRoleClaims] AS [a]
      WHERE [a].[RoleId] = @role_Id
info: Microsoft.EntityFrameworkCore.Database.Command[20101]
      Executed DbCommand (0ms) [Parameters=[@normalizedName='?' (Size = 256)], CommandType='Text', CommandTimeout='30']
      SELECT TOP(1) [a].[Id], [a].[ConcurrencyStamp], [a].[Discriminator], [a].[Name], [a].[NormalizedName], [a].[Description], [a].[Editable], [a].[Employee], [a].[IsParent], [a].[Link], [a].[MenuOrder], [a].[ModulesID], [a].[Parent], [a].[Status], [a].[addMenu], [a].[iconClass], [a].[viewName]
      FROM [AppModules] AS [a]
      WHERE [a].[NormalizedName] = @normalizedName
info: Microsoft.EntityFrameworkCore.Database.Command[20101]
      Executed DbCommand (0ms) [Parameters=[@role_Id='?' (Size = 450)], CommandType='Text', CommandTimeout='30']
      SELECT [a].[ClaimType], [a].[ClaimValue]
      FROM [AspNetRoleClaims] AS [a]
      WHERE [a].[RoleId] = @role_Id
info: Microsoft.EntityFrameworkCore.Database.Command[20101]
      Executed DbCommand (0ms) [Parameters=[@normalizedName='?' (Size = 256)], CommandType='Text', CommandTimeout='30']
      SELECT TOP(1) [a].[Id], [a].[ConcurrencyStamp], [a].[Discriminator], [a].[Name], [a].[NormalizedName], [a].[Description], [a].[Editable], [a].[Employee], [a].[IsParent], [a].[Link], [a].[MenuOrder], [a].[ModulesID], [a].[Parent], [a].[Status], [a].[addMenu], [a].[iconClass], [a].[viewName]
      FROM [AppModules] AS [a]
      WHERE [a].[NormalizedName] = @normalizedName
info: Microsoft.EntityFrameworkCore.Database.Command[20101]
      Executed DbCommand (0ms) [Parameters=[@role_Id='?' (Size = 450)], CommandType='Text', CommandTimeout='30']
      SELECT [a].[ClaimType], [a].[ClaimValue]
      FROM [AspNetRoleClaims] AS [a]
      WHERE [a].[RoleId] = @role_Id
info: Microsoft.EntityFrameworkCore.Database.Command[20101]
      Executed DbCommand (0ms) [Parameters=[@normalizedName='?' (Size = 256)], CommandType='Text', CommandTimeout='30']
      SELECT TOP(1) [a].[Id], [a].[ConcurrencyStamp], [a].[Discriminator], [a].[Name], [a].[NormalizedName], [a].[Description], [a].[Editable], [a].[Employee], [a].[IsParent], [a].[Link], [a].[MenuOrder], [a].[ModulesID], [a].[Parent], [a].[Status], [a].[addMenu], [a].[iconClass], [a].[viewName]
      FROM [AppModules] AS [a]
      WHERE [a].[NormalizedName] = @normalizedName
info: Microsoft.EntityFrameworkCore.Database.Command[20101]
      Executed DbCommand (0ms) [Parameters=[@role_Id='?' (Size = 450)], CommandType='Text', CommandTimeout='30']
      SELECT [a].[ClaimType], [a].[ClaimValue]
      FROM [AspNetRoleClaims] AS [a]
      WHERE [a].[RoleId] = @role_Id
info: Microsoft.EntityFrameworkCore.Database.Command[20101]
      Executed DbCommand (1ms) [Parameters=[@normalizedName='?' (Size = 256)], CommandType='Text', CommandTimeout='30']
      SELECT TOP(1) [a].[Id], [a].[ConcurrencyStamp], [a].[Discriminator], [a].[Name], [a].[NormalizedName], [a].[Description], [a].[Editable], [a].[Employee], [a].[IsParent], [a].[Link], [a].[MenuOrder], [a].[ModulesID], [a].[Parent], [a].[Status], [a].[addMenu], [a].[iconClass], [a].[viewName]
      FROM [AppModules] AS [a]
      WHERE [a].[NormalizedName] = @normalizedName
info: Microsoft.EntityFrameworkCore.Database.Command[20101]
      Executed DbCommand (0ms) [Parameters=[@role_Id='?' (Size = 450)], CommandType='Text', CommandTimeout='30']
      SELECT [a].[ClaimType], [a].[ClaimValue]
      FROM [AspNetRoleClaims] AS [a]
      WHERE [a].[RoleId] = @role_Id
info: Microsoft.EntityFrameworkCore.Database.Command[20101]
      Executed DbCommand (0ms) [Parameters=[@normalizedName='?' (Size = 256)], CommandType='Text', CommandTimeout='30']
      SELECT TOP(1) [a].[Id], [a].[ConcurrencyStamp], [a].[Discriminator], [a].[Name], [a].[NormalizedName], [a].[Description], [a].[Editable], [a].[Employee], [a].[IsParent], [a].[Link], [a].[MenuOrder], [a].[ModulesID], [a].[Parent], [a].[Status], [a].[addMenu], [a].[iconClass], [a].[viewName]
      FROM [AppModules] AS [a]
      WHERE [a].[NormalizedName] = @normalizedName
info: Microsoft.EntityFrameworkCore.Database.Command[20101]
      Executed DbCommand (0ms) [Parameters=[@role_Id='?' (Size = 450)], CommandType='Text', CommandTimeout='30']
      SELECT [a].[ClaimType], [a].[ClaimValue]
      FROM [AspNetRoleClaims] AS [a]
      WHERE [a].[RoleId] = @role_Id
