info: Microsoft.Hosting.Lifetime[14]
      Now listening on: http://localhost:5099
info: Microsoft.Hosting.Lifetime[0]
      Application started. Press Ctrl+C to shut down.
info: Microsoft.Hosting.Lifetime[0]
      Hosting environment: Development
info: Microsoft.Hosting.Lifetime[0]
      Content root path: C:\Quick Soft 10-06-2026\QuickNetCore
warn: Microsoft.EntityFrameworkCore.Model[10627]
      The navigation 'RoleGroup.GroupModules' was first mapped explicitly and then ignored. Consider not mapping the navigation in the first place.
warn: Microsoft.EntityFrameworkCore.Model[10627]
      The navigation 'RoleGroup.UserGroup' was first mapped explicitly and then ignored. Consider not mapping the navigation in the first place.
info: Microsoft.EntityFrameworkCore.Database.Command[20101]
      Executed DbCommand (6ms) [Parameters=[@normalizedEmail='?' (Size = 256)], CommandType='Text', CommandTimeout='30']
      SELECT TOP(2) [a].[Id], [a].[AccessFailedCount], [a].[BranchAccess], [a].[BranchID], [a].[ConcurrencyStamp], [a].[Discount], [a].[Email], [a].[EmailConfirmed], [a].[LockoutEnabled], [a].[LockoutEnd], [a].[Name], [a].[NormalizedEmail], [a].[NormalizedUserName], [a].[PasswordHash], [a].[PhoneNumber], [a].[PhoneNumberConfirmed], [a].[SecurityStamp], [a].[Status], [a].[TwoFactorEnabled], [a].[UserName], [a].[sync_status]
      FROM [AspNetUsers] AS [a]
      WHERE [a].[NormalizedEmail] = @normalizedEmail
info: Microsoft.EntityFrameworkCore.Database.Command[20101]
      Executed DbCommand (1ms) [Parameters=[@normalizedUserName='?' (Size = 256)], CommandType='Text', CommandTimeout='30']
      SELECT TOP(1) [a].[Id], [a].[AccessFailedCount], [a].[BranchAccess], [a].[BranchID], [a].[ConcurrencyStamp], [a].[Discount], [a].[Email], [a].[EmailConfirmed], [a].[LockoutEnabled], [a].[LockoutEnd], [a].[Name], [a].[NormalizedEmail], [a].[NormalizedUserName], [a].[PasswordHash], [a].[PhoneNumber], [a].[PhoneNumberConfirmed], [a].[SecurityStamp], [a].[Status], [a].[TwoFactorEnabled], [a].[UserName], [a].[sync_status]
      FROM [AspNetUsers] AS [a]
      WHERE [a].[NormalizedUserName] = @normalizedUserName
info: Microsoft.EntityFrameworkCore.Database.Command[20101]
      Executed DbCommand (1ms) [Parameters=[@normalizedUserName='?' (Size = 256)], CommandType='Text', CommandTimeout='30']
      SELECT TOP(1) [a].[Id], [a].[AccessFailedCount], [a].[BranchAccess], [a].[BranchID], [a].[ConcurrencyStamp], [a].[Discount], [a].[Email], [a].[EmailConfirmed], [a].[LockoutEnabled], [a].[LockoutEnd], [a].[Name], [a].[NormalizedEmail], [a].[NormalizedUserName], [a].[PasswordHash], [a].[PhoneNumber], [a].[PhoneNumberConfirmed], [a].[SecurityStamp], [a].[Status], [a].[TwoFactorEnabled], [a].[UserName], [a].[sync_status]
      FROM [AspNetUsers] AS [a]
      WHERE [a].[NormalizedUserName] = @normalizedUserName
info: Microsoft.EntityFrameworkCore.Database.Command[20101]
      Executed DbCommand (0ms) [Parameters=[@user_Id='?' (Size = 450)], CommandType='Text', CommandTimeout='30']
      SELECT [a].[Id], [a].[ClaimType], [a].[ClaimValue], [a].[UserId]
      FROM [AspNetUserClaims] AS [a]
      WHERE [a].[UserId] = @user_Id
info: Microsoft.EntityFrameworkCore.Database.Command[20101]
      Executed DbCommand (0ms) [Parameters=[@userId='?' (Size = 450)], CommandType='Text', CommandTimeout='30']
      SELECT [a0].[Name]
      FROM [AspNetUserRoles] AS [a]
      INNER JOIN [AppModules] AS [a0] ON [a].[RoleId] = [a0].[Id]
      WHERE [a].[UserId] = @userId
info: Microsoft.EntityFrameworkCore.Database.Command[20101]
      Executed DbCommand (0ms) [Parameters=[@normalizedName='?' (Size = 256)], CommandType='Text', CommandTimeout='30']
      SELECT TOP(1) [a].[Id], [a].[ConcurrencyStamp], [a].[Discriminator], [a].[Name], [a].[NormalizedName], [a].[Description], [a].[Editable], [a].[Employee], [a].[IsParent], [a].[Link], [a].[MenuOrder], [a].[ModulesID], [a].[Parent], [a].[Status], [a].[addMenu], [a].[iconClass], [a].[viewName]
      FROM [AppModules] AS [a]
      WHERE [a].[NormalizedName] = @normalizedName
info: Microsoft.EntityFrameworkCore.Database.Command[20101]
      Executed DbCommand (0ms) [Parameters=[@role_Id='?' (Size = 450)], CommandType='Text', CommandTimeout='30']
      SELECT [a].[ClaimType], [a].[ClaimValue]
      FROM [AspNetRoleClaims] AS [a]
      WHERE [a].[RoleId] = @role_Id
info: Microsoft.EntityFrameworkCore.Database.Command[20101]
      Executed DbCommand (0ms) [Parameters=[@normalizedName='?' (Size = 256)], CommandType='Text', CommandTimeout='30']
      SELECT TOP(1) [a].[Id], [a].[ConcurrencyStamp], [a].[Discriminator], [a].[Name], [a].[NormalizedName], [a].[Description], [a].[Editable], [a].[Employee], [a].[IsParent], [a].[Link], [a].[MenuOrder], [a].[ModulesID], [a].[Parent], [a].[Status], [a].[addMenu], [a].[iconClass], [a].[viewName]
      FROM [AppModules] AS [a]
      WHERE [a].[NormalizedName] = @normalizedName
info: Microsoft.EntityFrameworkCore.Database.Command[20101]
      Executed DbCommand (0ms) [Parameters=[@role_Id='?' (Size = 450)], CommandType='Text', CommandTimeout='30']
      SELECT [a].[ClaimType], [a].[ClaimValue]
      FROM [AspNetRoleClaims] AS [a]
      WHERE [a].[RoleId] = @role_Id
info: Microsoft.EntityFrameworkCore.Database.Command[20101]
      Executed DbCommand (0ms) [Parameters=[@normalizedName='?' (Size = 256)], CommandType='Text', CommandTimeout='30']
      SELECT TOP(1) [a].[Id], [a].[ConcurrencyStamp], [a].[Discriminator], [a].[Name], [a].[NormalizedName], [a].[Description], [a].[Editable], [a].[Employee], [a].[IsParent], [a].[Link], [a].[MenuOrder], [a].[ModulesID], [a].[Parent], [a].[Status], [a].[addMenu], [a].[iconClass], [a].[viewName]
      FROM [AppModules] AS [a]
      WHERE [a].[NormalizedName] = @normalizedName
info: Microsoft.EntityFrameworkCore.Database.Command[20101]
      Executed DbCommand (0ms) [Parameters=[@role_Id='?' (Size = 450)], CommandType='Text', CommandTimeout='30']
      SELECT [a].[ClaimType], [a].[ClaimValue]
      FROM [AspNetRoleClaims] AS [a]
      WHERE [a].[RoleId] = @role_Id
info: Microsoft.EntityFrameworkCore.Database.Command[20101]
      Executed DbCommand (0ms) [Parameters=[@normalizedName='?' (Size = 256)], CommandType='Text', CommandTimeout='30']
      SELECT TOP(1) [a].[Id], [a].[ConcurrencyStamp], [a].[Discriminator], [a].[Name], [a].[NormalizedName], [a].[Description], [a].[Editable], [a].[Employee], [a].[IsParent], [a].[Link], [a].[MenuOrder], [a].[ModulesID], [a].[Parent], [a].[Status], [a].[addMenu], [a].[iconClass], [a].[viewName]
      FROM [AppModules] AS [a]
      WHERE [a].[NormalizedName] = @normalizedName
info: Microsoft.EntityFrameworkCore.Database.Command[20101]
      Executed DbCommand (0ms) [Parameters=[@role_Id='?' (Size = 450)], CommandType='Text', CommandTimeout='30']
      SELECT [a].[ClaimType], [a].[ClaimValue]
      FROM [AspNetRoleClaims] AS [a]
      WHERE [a].[RoleId] = @role_Id
info: Microsoft.EntityFrameworkCore.Database.Command[20101]
      Executed DbCommand (0ms) [Parameters=[@normalizedName='?' (Size = 256)], CommandType='Text', CommandTimeout='30']
      SELECT TOP(1) [a].[Id], [a].[ConcurrencyStamp], [a].[Discriminator], [a].[Name], [a].[NormalizedName], [a].[Description], [a].[Editable], [a].[Employee], [a].[IsParent], [a].[Link], [a].[MenuOrder], [a].[ModulesID], [a].[Parent], [a].[Status], [a].[addMenu], [a].[iconClass], [a].[viewName]
      FROM [AppModules] AS [a]
      WHERE [a].[NormalizedName] = @normalizedName
info: Microsoft.EntityFrameworkCore.Database.Command[20101]
      Executed DbCommand (0ms) [Parameters=[@role_Id='?' (Size = 450)], CommandType='Text', CommandTimeout='30']
      SELECT [a].[ClaimType], [a].[ClaimValue]
      FROM [AspNetRoleClaims] AS [a]
      WHERE [a].[RoleId] = @role_Id
info: Microsoft.EntityFrameworkCore.Database.Command[20101]
      Executed DbCommand (0ms) [Parameters=[@normalizedName='?' (Size = 256)], CommandType='Text', CommandTimeout='30']
      SELECT TOP(1) [a].[Id], [a].[ConcurrencyStamp], [a].[Discriminator], [a].[Name], [a].[NormalizedName], [a].[Description], [a].[Editable], [a].[Employee], [a].[IsParent], [a].[Link], [a].[MenuOrder], [a].[ModulesID], [a].[Parent], [a].[Status], [a].[addMenu], [a].[iconClass], [a].[viewName]
      FROM [AppModules] AS [a]
      WHERE [a].[NormalizedName] = @normalizedName
info: Microsoft.EntityFrameworkCore.Database.Command[20101]
      Executed DbCommand (0ms) [Parameters=[@role_Id='?' (Size = 450)], CommandType='Text', CommandTimeout='30']
      SELECT [a].[ClaimType], [a].[ClaimValue]
      FROM [AspNetRoleClaims] AS [a]
      WHERE [a].[RoleId] = @role_Id
info: Microsoft.EntityFrameworkCore.Database.Command[20101]
      Executed DbCommand (0ms) [Parameters=[@normalizedName='?' (Size = 256)], CommandType='Text', CommandTimeout='30']
      SELECT TOP(1) [a].[Id], [a].[ConcurrencyStamp], [a].[Discriminator], [a].[Name], [a].[NormalizedName], [a].[Description], [a].[Editable], [a].[Employee], [a].[IsParent], [a].[Link], [a].[MenuOrder], [a].[ModulesID], [a].[Parent], [a].[Status], [a].[addMenu], [a].[iconClass], [a].[viewName]
      FROM [AppModules] AS [a]
      WHERE [a].[NormalizedName] = @normalizedName
info: Microsoft.EntityFrameworkCore.Database.Command[20101]
      Executed DbCommand (0ms) [Parameters=[@role_Id='?' (Size = 450)], CommandType='Text', CommandTimeout='30']
      SELECT [a].[ClaimType], [a].[ClaimValue]
      FROM [AspNetRoleClaims] AS [a]
      WHERE [a].[RoleId] = @role_Id
info: Microsoft.EntityFrameworkCore.Database.Command[20101]
      Executed DbCommand (0ms) [Parameters=[@normalizedName='?' (Size = 256)], CommandType='Text', CommandTimeout='30']
      SELECT TOP(1) [a].[Id], [a].[ConcurrencyStamp], [a].[Discriminator], [a].[Name], [a].[NormalizedName], [a].[Description], [a].[Editable], [a].[Employee], [a].[IsParent], [a].[Link], [a].[MenuOrder], [a].[ModulesID], [a].[Parent], [a].[Status], [a].[addMenu], [a].[iconClass], [a].[viewName]
      FROM [AppModules] AS [a]
      WHERE [a].[NormalizedName] = @normalizedName
info: Microsoft.EntityFrameworkCore.Database.Command[20101]
      Executed DbCommand (0ms) [Parameters=[@role_Id='?' (Size = 450)], CommandType='Text', CommandTimeout='30']
      SELECT [a].[ClaimType], [a].[ClaimValue]
      FROM [AspNetRoleClaims] AS [a]
      WHERE [a].[RoleId] = @role_Id
info: Microsoft.EntityFrameworkCore.Database.Command[20101]
      Executed DbCommand (0ms) [Parameters=[@normalizedName='?' (Size = 256)], CommandType='Text', CommandTimeout='30']
      SELECT TOP(1) [a].[Id], [a].[ConcurrencyStamp], [a].[Discriminator], [a].[Name], [a].[NormalizedName], [a].[Description], [a].[Editable], [a].[Employee], [a].[IsParent], [a].[Link], [a].[MenuOrder], [a].[ModulesID], [a].[Parent], [a].[Status], [a].[addMenu], [a].[iconClass], [a].[viewName]
      FROM [AppModules] AS [a]
      WHERE [a].[NormalizedName] = @normalizedName
info: Microsoft.EntityFrameworkCore.Database.Command[20101]
      Executed DbCommand (0ms) [Parameters=[@role_Id='?' (Size = 450)], CommandType='Text', CommandTimeout='30']
      SELECT [a].[ClaimType], [a].[ClaimValue]
      FROM [AspNetRoleClaims] AS [a]
      WHERE [a].[RoleId] = @role_Id
info: Microsoft.EntityFrameworkCore.Database.Command[20101]
      Executed DbCommand (1ms) [Parameters=[@normalizedName='?' (Size = 256)], CommandType='Text', CommandTimeout='30']
      SELECT TOP(1) [a].[Id], [a].[ConcurrencyStamp], [a].[Discriminator], [a].[Name], [a].[NormalizedName], [a].[Description], [a].[Editable], [a].[Employee], [a].[IsParent], [a].[Link], [a].[MenuOrder], [a].[ModulesID], [a].[Parent], [a].[Status], [a].[addMenu], [a].[iconClass], [a].[viewName]
      FROM [AppModules] AS [a]
      WHERE [a].[NormalizedName] = @normalizedName
info: Microsoft.EntityFrameworkCore.Database.Command[20101]
      Executed DbCommand (0ms) [Parameters=[@role_Id='?' (Size = 450)], CommandType='Text', CommandTimeout='30']
      SELECT [a].[ClaimType], [a].[ClaimValue]
      FROM [AspNetRoleClaims] AS [a]
      WHERE [a].[RoleId] = @role_Id
info: Microsoft.EntityFrameworkCore.Database.Command[20101]
      Executed DbCommand (0ms) [Parameters=[@normalizedName='?' (Size = 256)], CommandType='Text', CommandTimeout='30']
      SELECT TOP(1) [a].[Id], [a].[ConcurrencyStamp], [a].[Discriminator], [a].[Name], [a].[NormalizedName], [a].[Description], [a].[Editable], [a].[Employee], [a].[IsParent], [a].[Link], [a].[MenuOrder], [a].[ModulesID], [a].[Parent], [a].[Status], [a].[addMenu], [a].[iconClass], [a].[viewName]
      FROM [AppModules] AS [a]
      WHERE [a].[NormalizedName] = @normalizedName
info: Microsoft.EntityFrameworkCore.Database.Command[20101]
      Executed DbCommand (0ms) [Parameters=[@role_Id='?' (Size = 450)], CommandType='Text', CommandTimeout='30']
      SELECT [a].[ClaimType], [a].[ClaimValue]
      FROM [AspNetRoleClaims] AS [a]
      WHERE [a].[RoleId] = @role_Id
info: Microsoft.EntityFrameworkCore.Database.Command[20101]
      Executed DbCommand (1ms) [Parameters=[@normalizedName='?' (Size = 256)], CommandType='Text', CommandTimeout='30']
      SELECT TOP(1) [a].[Id], [a].[ConcurrencyStamp], [a].[Discriminator], [a].[Name], [a].[NormalizedName], [a].[Description], [a].[Editable], [a].[Employee], [a].[IsParent], [a].[Link], [a].[MenuOrder], [a].[ModulesID], [a].[Parent], [a].[Status], [a].[addMenu], [a].[iconClass], [a].[viewName]
      FROM [AppModules] AS [a]
      WHERE [a].[NormalizedName] = @normalizedName
info: Microsoft.EntityFrameworkCore.Database.Command[20101]
      Executed DbCommand (0ms) [Parameters=[@role_Id='?' (Size = 450)], CommandType='Text', CommandTimeout='30']
      SELECT [a].[ClaimType], [a].[ClaimValue]
      FROM [AspNetRoleClaims] AS [a]
      WHERE [a].[RoleId] = @role_Id
info: Microsoft.EntityFrameworkCore.Database.Command[20101]
      Executed DbCommand (0ms) [Parameters=[@normalizedName='?' (Size = 256)], CommandType='Text', CommandTimeout='30']
      SELECT TOP(1) [a].[Id], [a].[ConcurrencyStamp], [a].[Discriminator], [a].[Name], [a].[NormalizedName], [a].[Description], [a].[Editable], [a].[Employee], [a].[IsParent], [a].[Link], [a].[MenuOrder], [a].[ModulesID], [a].[Parent], [a].[Status], [a].[addMenu], [a].[iconClass], [a].[viewName]
      FROM [AppModules] AS [a]
      WHERE [a].[NormalizedName] = @normalizedName
info: Microsoft.EntityFrameworkCore.Database.Command[20101]
      Executed DbCommand (0ms) [Parameters=[@role_Id='?' (Size = 450)], CommandType='Text', CommandTimeout='30']
      SELECT [a].[ClaimType], [a].[ClaimValue]
      FROM [AspNetRoleClaims] AS [a]
      WHERE [a].[RoleId] = @role_Id
info: Microsoft.EntityFrameworkCore.Database.Command[20101]
      Executed DbCommand (0ms) [Parameters=[@normalizedName='?' (Size = 256)], CommandType='Text', CommandTimeout='30']
      SELECT TOP(1) [a].[Id], [a].[ConcurrencyStamp], [a].[Discriminator], [a].[Name], [a].[NormalizedName], [a].[Description], [a].[Editable], [a].[Employee], [a].[IsParent], [a].[Link], [a].[MenuOrder], [a].[ModulesID], [a].[Parent], [a].[Status], [a].[addMenu], [a].[iconClass], [a].[viewName]
      FROM [AppModules] AS [a]
      WHERE [a].[NormalizedName] = @normalizedName
info: Microsoft.EntityFrameworkCore.Database.Command[20101]
      Executed DbCommand (0ms) [Parameters=[@role_Id='?' (Size = 450)], CommandType='Text', CommandTimeout='30']
      SELECT [a].[ClaimType], [a].[ClaimValue]
      FROM [AspNetRoleClaims] AS [a]
      WHERE [a].[RoleId] = @role_Id
fail: Microsoft.AspNetCore.Diagnostics.DeveloperExceptionPageMiddleware[1]
      An unhandled exception has occurred while executing the request.
      System.InvalidOperationException: The property 'AccountsGroup.CreatedBranch' of type 'Branch' appears to be a navigation to another entity type. Navigations are not supported when using 'SqlQuery". Either include this type in the model and use 'FromSql' for the query, or ignore this property using the '[NotMapped]' attribute.
         at Microsoft.EntityFrameworkCore.Infrastructure.ModelValidator.ValidatePropertyMapping(IConventionTypeBase structuralType, IConventionModel model, IDiagnosticsLogger`1 logger)
         at Microsoft.EntityFrameworkCore.Infrastructure.ModelValidator.ValidatePropertyMapping(IModel model, IDiagnosticsLogger`1 logger)
         at Microsoft.EntityFrameworkCore.Infrastructure.ModelValidator.Validate(IModel model, IDiagnosticsLogger`1 logger)
         at Microsoft.EntityFrameworkCore.Infrastructure.RelationalModelValidator.Validate(IModel model, IDiagnosticsLogger`1 logger)
         at Microsoft.EntityFrameworkCore.SqlServer.Infrastructure.Internal.SqlServerModelValidator.Validate(IModel model, IDiagnosticsLogger`1 logger)
         at Microsoft.EntityFrameworkCore.Infrastructure.ModelRuntimeInitializer.Initialize(IModel model, Boolean designTime, IDiagnosticsLogger`1 validationLogger)
         at Microsoft.EntityFrameworkCore.Metadata.AdHocMapper.AddEntityType(Type clrType)
         at Microsoft.EntityFrameworkCore.Metadata.AdHocMapper.GetOrAddEntityType(Type clrType)
         at Microsoft.EntityFrameworkCore.RelationalDatabaseFacadeExtensions.SqlQueryRaw[TResult](DatabaseFacade databaseFacade, String sql, Object[] parameters)
         at QuickSoft.Controllers.LeadsController.accountsdashboard() in C:\Quick Soft 10-06-2026\QuickNetCore\Controllers\LeadsController.cs:line 639
         at lambda_method2465(Closure, Object, Object[])
         at Microsoft.AspNetCore.Mvc.Infrastructure.ActionMethodExecutor.SyncActionResultExecutor.Execute(ActionContext actionContext, IActionResultTypeMapper mapper, ObjectMethodExecutor executor, Object controller, Object[] arguments)
         at Microsoft.AspNetCore.Mvc.Infrastructure.ControllerActionInvoker.InvokeActionMethodAsync()
         at Microsoft.AspNetCore.Mvc.Infrastructure.ControllerActionInvoker.Next(State& next, Scope& scope, Object& state, Boolean& isCompleted)
         at Microsoft.AspNetCore.Mvc.Infrastructure.ControllerActionInvoker.InvokeNextActionFilterAsync()
      --- End of stack trace from previous location ---
         at Microsoft.AspNetCore.Mvc.Infrastructure.ControllerActionInvoker.Rethrow(ActionExecutedContextSealed context)
         at Microsoft.AspNetCore.Mvc.Infrastructure.ControllerActionInvoker.Next(State& next, Scope& scope, Object& state, Boolean& isCompleted)
         at Microsoft.AspNetCore.Mvc.Infrastructure.ControllerActionInvoker.InvokeInnerFilterAsync()
      --- End of stack trace from previous location ---
         at Microsoft.AspNetCore.Mvc.Infrastructure.ResourceInvoker.<InvokeNextResourceFilter>g__Awaited|25_0(ResourceInvoker invoker, Task lastTask, State next, Scope scope, Object state, Boolean isCompleted)
         at Microsoft.AspNetCore.Mvc.Infrastructure.ResourceInvoker.Rethrow(ResourceExecutedContextSealed context)
         at Microsoft.AspNetCore.Mvc.Infrastructure.ResourceInvoker.Next(State& next, Scope& scope, Object& state, Boolean& isCompleted)
         at Microsoft.AspNetCore.Mvc.Infrastructure.ResourceInvoker.InvokeFilterPipelineAsync()
      --- End of stack trace from previous location ---
         at Microsoft.AspNetCore.Mvc.Infrastructure.ResourceInvoker.<InvokeAsync>g__Awaited|17_0(ResourceInvoker invoker, Task task, IDisposable scope)
         at Microsoft.AspNetCore.Mvc.Infrastructure.ResourceInvoker.<InvokeAsync>g__Awaited|17_0(ResourceInvoker invoker, Task task, IDisposable scope)
         at Microsoft.AspNetCore.Authorization.AuthorizationMiddleware.Invoke(HttpContext context)
         at Microsoft.AspNetCore.Authentication.AuthenticationMiddleware.Invoke(HttpContext context)
         at Microsoft.AspNetCore.Session.SessionMiddleware.Invoke(HttpContext context)
         at Microsoft.AspNetCore.Session.SessionMiddleware.Invoke(HttpContext context)
         at Microsoft.AspNetCore.Diagnostics.DeveloperExceptionPageMiddlewareImpl.Invoke(HttpContext context)
